This is XeTeX, Version 3.14159265-2.6-0.99992 (TeX Live 2015/Debian) (preloaded format=xelatex 2016.9.2)  17 JAN 2017 10:44
entering extended mode
 restricted \write18 enabled.
 %&-line parsing enabled.
**Encoding_Ticha_Documents_with_TEI.tex
(./Encoding_Ticha_Documents_with_TEI.tex
LaTeX2e <2016/02/01>
Babel <3.9q> and hyphenation patterns for 5 language(s) loaded.
(/usr/share/texlive/texmf-dist/tex/latex/base/article.cls
Document Class: article 2014/09/29 v1.4h Standard LaTeX document class
(/usr/share/texlive/texmf-dist/tex/latex/base/size12.clo
File: size12.clo 2014/09/29 v1.4h Standard LaTeX file (size option)
)
\c@part=\count79
\c@section=\count80
\c@subsection=\count81
\c@subsubsection=\count82
\c@paragraph=\count83
\c@subparagraph=\count84
\c@figure=\count85
\c@table=\count86
\abovecaptionskip=\skip41
\belowcaptionskip=\skip42
\bibindent=\dimen102
)
(/usr/share/texlive/texmf-dist/tex/latex/base/inputenc.sty
Package: inputenc 2015/03/17 v1.2c Input encoding file
\inpenc@prehook=\toks14
\inpenc@posthook=\toks15


Package inputenc Warning: inputenc package ignored with utf8 based engines.

) (/usr/share/texlive/texmf-dist/tex/latex/geometry/geometry.sty
Package: geometry 2010/09/12 v5.6 Page Geometry

(/usr/share/texlive/texmf-dist/tex/latex/graphics/keyval.sty
Package: keyval 2014/10/28 v1.15 key=value parser (DPC)
\KV@toks@=\toks16
)
(/usr/share/texlive/texmf-dist/tex/generic/oberdiek/ifpdf.sty
Package: ifpdf 2011/01/30 v2.3 Provides the ifpdf switch (HO)
Package ifpdf Info: pdfTeX in PDF mode is not detected.
)
(/usr/share/texlive/texmf-dist/tex/generic/oberdiek/ifvtex.sty
Package: ifvtex 2010/03/01 v1.5 Detect VTeX and its facilities (HO)
Package ifvtex Info: VTeX not detected.
)
(/usr/share/texlive/texmf-dist/tex/generic/ifxetex/ifxetex.sty
Package: ifxetex 2010/09/12 v0.6 Provides ifxetex conditional
)
\Gm@cnth=\count87
\Gm@cntv=\count88
\c@Gm@tempcnt=\count89
\Gm@bindingoffset=\dimen103
\Gm@wd@mp=\dimen104
\Gm@odd@mp=\dimen105
\Gm@even@mp=\dimen106
\Gm@layoutwidth=\dimen107
\Gm@layoutheight=\dimen108
\Gm@layouthoffset=\dimen109
\Gm@layoutvoffset=\dimen110
\Gm@dimlist=\toks17
)
(/usr/share/texlive/texmf-dist/tex/latex/marginnote/marginnote.sty
Package: marginnote 2012/03/29 v1.1i non floating margin notes for LaTeX
\c@mn@abspage=\count90
)
(/usr/share/texlive/texmf-dist/tex/latex/graphics/graphicx.sty
Package: graphicx 2014/10/28 v1.0g Enhanced LaTeX Graphics (DPC,SPQR)

(/usr/share/texlive/texmf-dist/tex/latex/graphics/graphics.sty
Package: graphics 2016/01/03 v1.0q Standard LaTeX Graphics (DPC,SPQR)

(/usr/share/texlive/texmf-dist/tex/latex/graphics/trig.sty
Package: trig 2016/01/03 v1.10 sin cos tan (DPC)
)
(/usr/share/texlive/texmf-dist/tex/latex/latexconfig/graphics.cfg
File: graphics.cfg 2010/04/23 v1.9 graphics configuration of TeX Live
)
Package graphics Info: Driver file: xetex.def on input line 95.

(/usr/share/texlive/texmf-dist/tex/xelatex/xetex-def/xetex.def
File: xetex.def 2015/09/11 v4.06 LaTeX color/graphics driver for XeTeX (TeX Liv
e/RRM/JK)

(/usr/share/texlive/texmf-dist/tex/generic/oberdiek/infwarerr.sty
Package: infwarerr 2010/04/08 v1.3 Providing info/warning/error messages (HO)
)
(/usr/share/texlive/texmf-dist/tex/generic/oberdiek/ltxcmds.sty
Package: ltxcmds 2011/11/09 v1.22 LaTeX kernel commands for general use (HO)
)))
\Gin@req@height=\dimen111
\Gin@req@width=\dimen112
)
(/usr/share/texlive/texmf-dist/tex/latex/graphics/color.sty
Package: color 2016/01/03 v1.1b Standard LaTeX Color (DPC)

(/usr/share/texlive/texmf-dist/tex/latex/latexconfig/color.cfg
File: color.cfg 2007/01/18 v1.5 color configuration of teTeX/TeXLive
)
Package color Info: Driver file: xetex.def on input line 143.

(/usr/share/texlive/texmf-dist/tex/latex/graphics/dvipsnam.def
File: dvipsnam.def 2015/12/30 v3.0k Driver-dependent file (DPC,SPQR)
))
(/usr/share/texlive/texmf-dist/tex/latex/base/textcomp.sty
Package: textcomp 2005/09/27 v1.99g Standard LaTeX package
Package textcomp Info: Sub-encoding information:
(textcomp)               5 = only ISO-Adobe without \textcurrency
(textcomp)               4 = 5 + \texteuro
(textcomp)               3 = 4 + \textohm
(textcomp)               2 = 3 + \textestimated + \textcurrency
(textcomp)               1 = TS1 - \textcircled - \t
(textcomp)               0 = TS1 (full)
(textcomp)             Font families with sub-encoding setting implement
(textcomp)             only a restricted character set as indicated.
(textcomp)             Family '?' is the default used for unknown fonts.
(textcomp)             See the documentation for details.
Package textcomp Info: Setting ? sub-encoding to TS1/1 on input line 79.

(/usr/share/texlive/texmf-dist/tex/latex/base/ts1enc.def
File: ts1enc.def 2001/06/05 v3.0e (jk/car/fm) Standard LaTeX file
)
LaTeX Info: Redefining \oldstylenums on input line 334.
Package textcomp Info: Setting cmr sub-encoding to TS1/0 on input line 349.
Package textcomp Info: Setting cmss sub-encoding to TS1/0 on input line 350.
Package textcomp Info: Setting cmtt sub-encoding to TS1/0 on input line 351.
Package textcomp Info: Setting cmvtt sub-encoding to TS1/0 on input line 352.
Package textcomp Info: Setting cmbr sub-encoding to TS1/0 on input line 353.
Package textcomp Info: Setting cmtl sub-encoding to TS1/0 on input line 354.
Package textcomp Info: Setting ccr sub-encoding to TS1/0 on input line 355.
Package textcomp Info: Setting ptm sub-encoding to TS1/4 on input line 356.
Package textcomp Info: Setting pcr sub-encoding to TS1/4 on input line 357.
Package textcomp Info: Setting phv sub-encoding to TS1/4 on input line 358.
Package textcomp Info: Setting ppl sub-encoding to TS1/3 on input line 359.
Package textcomp Info: Setting pag sub-encoding to TS1/4 on input line 360.
Package textcomp Info: Setting pbk sub-encoding to TS1/4 on input line 361.
Package textcomp Info: Setting pnc sub-encoding to TS1/4 on input line 362.
Package textcomp Info: Setting pzc sub-encoding to TS1/4 on input line 363.
Package textcomp Info: Setting bch sub-encoding to TS1/4 on input line 364.
Package textcomp Info: Setting put sub-encoding to TS1/5 on input line 365.
Package textcomp Info: Setting uag sub-encoding to TS1/5 on input line 366.
Package textcomp Info: Setting ugq sub-encoding to TS1/5 on input line 367.
Package textcomp Info: Setting ul8 sub-encoding to TS1/4 on input line 368.
Package textcomp Info: Setting ul9 sub-encoding to TS1/4 on input line 369.
Package textcomp Info: Setting augie sub-encoding to TS1/5 on input line 370.
Package textcomp Info: Setting dayrom sub-encoding to TS1/3 on input line 371.
Package textcomp Info: Setting dayroms sub-encoding to TS1/3 on input line 372.

Package textcomp Info: Setting pxr sub-encoding to TS1/0 on input line 373.
Package textcomp Info: Setting pxss sub-encoding to TS1/0 on input line 374.
Package textcomp Info: Setting pxtt sub-encoding to TS1/0 on input line 375.
Package textcomp Info: Setting txr sub-encoding to TS1/0 on input line 376.
Package textcomp Info: Setting txss sub-encoding to TS1/0 on input line 377.
Package textcomp Info: Setting txtt sub-encoding to TS1/0 on input line 378.
Package textcomp Info: Setting lmr sub-encoding to TS1/0 on input line 379.
Package textcomp Info: Setting lmdh sub-encoding to TS1/0 on input line 380.
Package textcomp Info: Setting lmss sub-encoding to TS1/0 on input line 381.
Package textcomp Info: Setting lmssq sub-encoding to TS1/0 on input line 382.
Package textcomp Info: Setting lmvtt sub-encoding to TS1/0 on input line 383.
Package textcomp Info: Setting lmtt sub-encoding to TS1/0 on input line 384.
Package textcomp Info: Setting qhv sub-encoding to TS1/0 on input line 385.
Package textcomp Info: Setting qag sub-encoding to TS1/0 on input line 386.
Package textcomp Info: Setting qbk sub-encoding to TS1/0 on input line 387.
Package textcomp Info: Setting qcr sub-encoding to TS1/0 on input line 388.
Package textcomp Info: Setting qcs sub-encoding to TS1/0 on input line 389.
Package textcomp Info: Setting qpl sub-encoding to TS1/0 on input line 390.
Package textcomp Info: Setting qtm sub-encoding to TS1/0 on input line 391.
Package textcomp Info: Setting qzc sub-encoding to TS1/0 on input line 392.
Package textcomp Info: Setting qhvc sub-encoding to TS1/0 on input line 393.
Package textcomp Info: Setting futs sub-encoding to TS1/4 on input line 394.
Package textcomp Info: Setting futx sub-encoding to TS1/4 on input line 395.
Package textcomp Info: Setting futj sub-encoding to TS1/4 on input line 396.
Package textcomp Info: Setting hlh sub-encoding to TS1/3 on input line 397.
Package textcomp Info: Setting hls sub-encoding to TS1/3 on input line 398.
Package textcomp Info: Setting hlst sub-encoding to TS1/3 on input line 399.
Package textcomp Info: Setting hlct sub-encoding to TS1/5 on input line 400.
Package textcomp Info: Setting hlx sub-encoding to TS1/5 on input line 401.
Package textcomp Info: Setting hlce sub-encoding to TS1/5 on input line 402.
Package textcomp Info: Setting hlcn sub-encoding to TS1/5 on input line 403.
Package textcomp Info: Setting hlcw sub-encoding to TS1/5 on input line 404.
Package textcomp Info: Setting hlcf sub-encoding to TS1/5 on input line 405.
Package textcomp Info: Setting pplx sub-encoding to TS1/3 on input line 406.
Package textcomp Info: Setting pplj sub-encoding to TS1/3 on input line 407.
Package textcomp Info: Setting ptmx sub-encoding to TS1/4 on input line 408.
Package textcomp Info: Setting ptmj sub-encoding to TS1/4 on input line 409.
)
(/usr/share/texlive/texmf-dist/tex/latex/listings/listings.sty
\lst@mode=\count91
\lst@gtempboxa=\box26
\lst@token=\toks18
\lst@length=\count92
\lst@currlwidth=\dimen113
\lst@column=\count93
\lst@pos=\count94
\lst@lostspace=\dimen114
\lst@width=\dimen115
\lst@newlines=\count95
\lst@lineno=\count96
\lst@maxwidth=\dimen116

(/usr/share/texlive/texmf-dist/tex/latex/listings/lstmisc.sty
File: lstmisc.sty 2015/06/04 1.6 (Carsten Heinz)
\c@lstnumber=\count97
\lst@skipnumbers=\count98
\lst@framebox=\box27
)
(/usr/share/texlive/texmf-dist/tex/latex/listings/listings.cfg
File: listings.cfg 2015/06/04 1.6 listings configuration
))
Package: listings 2015/06/04 1.6 (Carsten Heinz)

(/usr/share/texlive/texmf-dist/tex/latex/listings/lstlang1.sty
File: lstlang1.sty 2015/06/04 1.6 listings language file
)
(/usr/share/texlive/texmf-dist/tex/latex/listings/lstmisc.sty
File: lstmisc.sty 2015/06/04 1.6 (Carsten Heinz)
)
(/usr/share/texlive/texmf-dist/tex/latex/soul/soul.sty
Package: soul 2003/11/17 v2.4 letterspacing/underlining (mf)
\SOUL@word=\toks19
\SOUL@lasttoken=\toks20
\SOUL@cmds=\toks21
\SOUL@buffer=\toks22
\SOUL@token=\toks23
\SOUL@spaceskip=\skip43
\SOUL@ttwidth=\dimen117
\SOUL@uldp=\dimen118
\SOUL@ulht=\dimen119
)
(/usr/share/texlive/texmf-dist/tex/latex/hyperref/hyperref.sty
Package: hyperref 2012/11/06 v6.83m Hypertext links for LaTeX

(/usr/share/texlive/texmf-dist/tex/generic/oberdiek/hobsub-hyperref.sty
Package: hobsub-hyperref 2012/05/28 v1.13 Bundle oberdiek, subset hyperref (HO)


(/usr/share/texlive/texmf-dist/tex/generic/oberdiek/hobsub-generic.sty
Package: hobsub-generic 2012/05/28 v1.13 Bundle oberdiek, subset generic (HO)
Package: hobsub 2012/05/28 v1.13 Construct package bundles (HO)
Package hobsub Info: Skipping package `infwarerr' (already loaded).
Package hobsub Info: Skipping package `ltxcmds' (already loaded).
Package: ifluatex 2010/03/01 v1.3 Provides the ifluatex switch (HO)
Package ifluatex Info: LuaTeX not detected.
Package hobsub Info: Skipping package `ifvtex' (already loaded).
Package: intcalc 2007/09/27 v1.1 Expandable calculations with integers (HO)
Package hobsub Info: Skipping package `ifpdf' (already loaded).
Package: etexcmds 2011/02/16 v1.5 Avoid name clashes with e-TeX commands (HO)
Package etexcmds Info: Could not find \expanded.
(etexcmds)             That can mean that you are not using pdfTeX 1.50 or
(etexcmds)             that some package has redefined \expanded.
(etexcmds)             In the latter case, load this package earlier.
Package: kvsetkeys 2012/04/25 v1.16 Key value parser (HO)
Package: kvdefinekeys 2011/04/07 v1.3 Define keys (HO)
Package: pdftexcmds 2011/11/29 v0.20 Utility functions of pdfTeX for LuaTeX (HO
)
Package pdftexcmds Info: LuaTeX not detected.
Package pdftexcmds Info: pdfTeX >= 1.30 not detected.
Package pdftexcmds Info: \pdf@primitive is available.
Package pdftexcmds Info: \pdf@ifprimitive is available.
Package pdftexcmds Info: \pdfdraftmode not found.
Package: pdfescape 2011/11/25 v1.13 Implements pdfTeX's escape features (HO)
Package: bigintcalc 2012/04/08 v1.3 Expandable calculations on big integers (HO
)
Package: bitset 2011/01/30 v1.1 Handle bit-vector datatype (HO)
Package: uniquecounter 2011/01/30 v1.2 Provide unlimited unique counter (HO)
)
Package hobsub Info: Skipping package `hobsub' (already loaded).
Package: letltxmacro 2010/09/02 v1.4 Let assignment for LaTeX macros (HO)
Package: hopatch 2012/05/28 v1.2 Wrapper for package hooks (HO)
Package: xcolor-patch 2011/01/30 xcolor patch
Package: atveryend 2011/06/30 v1.8 Hooks at the very end of document (HO)
Package atveryend Info: \enddocument detected (standard20110627).
Package: atbegshi 2011/10/05 v1.16 At begin shipout hook (HO)
Package: refcount 2011/10/16 v3.4 Data extraction from label references (HO)
Package: hycolor 2011/01/30 v1.7 Color options for hyperref/bookmark (HO)
)
(/usr/share/texlive/texmf-dist/tex/latex/oberdiek/auxhook.sty
Package: auxhook 2011/03/04 v1.3 Hooks for auxiliary files (HO)
)
(/usr/share/texlive/texmf-dist/tex/latex/oberdiek/kvoptions.sty
Package: kvoptions 2011/06/30 v3.11 Key value format for package options (HO)
)
\@linkdim=\dimen120
\Hy@linkcounter=\count99
\Hy@pagecounter=\count100

(/usr/share/texlive/texmf-dist/tex/latex/hyperref/pd1enc.def
File: pd1enc.def 2012/11/06 v6.83m Hyperref: PDFDocEncoding definition (HO)
)
\Hy@SavedSpaceFactor=\count101

(/usr/share/texlive/texmf-dist/tex/latex/latexconfig/hyperref.cfg
File: hyperref.cfg 2002/06/06 v1.2 hyperref configuration of TeXLive
)
Package hyperref Info: Hyper figures OFF on input line 4443.
Package hyperref Info: Link nesting OFF on input line 4448.
Package hyperref Info: Hyper index ON on input line 4451.
Package hyperref Info: Plain pages OFF on input line 4458.
Package hyperref Info: Backreferencing OFF on input line 4463.
Package hyperref Info: Implicit mode ON; LaTeX internals redefined.
Package hyperref Info: Bookmarks ON on input line 4688.
\c@Hy@tempcnt=\count102

(/usr/share/texlive/texmf-dist/tex/latex/url/url.sty
\Urlmuskip=\muskip10
Package: url 2013/09/16  ver 3.4  Verb mode for urls, etc.
)
LaTeX Info: Redefining \url on input line 5041.
\XeTeXLinkMargin=\dimen121
\Fld@menulength=\count103
\Field@Width=\dimen122
\Fld@charsize=\dimen123
Package hyperref Info: Hyper figures OFF on input line 6295.
Package hyperref Info: Link nesting OFF on input line 6300.
Package hyperref Info: Hyper index ON on input line 6303.
Package hyperref Info: backreferencing OFF on input line 6310.
Package hyperref Info: Link coloring OFF on input line 6315.
Package hyperref Info: Link coloring with OCG OFF on input line 6320.
Package hyperref Info: PDF/A mode OFF on input line 6325.
LaTeX Info: Redefining \ref on input line 6365.
LaTeX Info: Redefining \pageref on input line 6369.
\Hy@abspage=\count104
\c@Item=\count105
\c@Hfootnote=\count106
)

Package hyperref Message: Driver (autodetected): hxetex.

(/usr/share/texlive/texmf-dist/tex/latex/hyperref/hxetex.def
File: hxetex.def 2012/11/06 v6.83m Hyperref driver for XeTeX

(/usr/share/texlive/texmf-dist/tex/latex/hyperref/puenc.def
File: puenc.def 2012/11/06 v6.83m Hyperref: PDF Unicode definition (HO)
)
(/usr/share/texlive/texmf-dist/tex/generic/oberdiek/stringenc.sty
Package: stringenc 2011/12/02 v1.10 Convert strings between diff. encodings (HO
)
)
\pdfm@box=\box28
\c@Hy@AnnotLevel=\count107
\HyField@AnnotCount=\count108
\Fld@listcount=\count109
\c@bookmark@seq@number=\count110

(/usr/share/texlive/texmf-dist/tex/latex/oberdiek/rerunfilecheck.sty
Package: rerunfilecheck 2011/04/15 v1.7 Rerun checks for auxiliary files (HO)
Package rerunfilecheck Info: Feature \pdfmdfivesum is not available
(rerunfilecheck)             (e.g. pdfTeX or LuaTeX with package `pdftexcmds').

(rerunfilecheck)             Therefore file contents cannot be checked efficien
tly
(rerunfilecheck)             and the loading of the package is aborted.
)
\Hy@SectionHShift=\skip44
)
Package hyperref Info: Option `colorlinks' set `true' on input line 80.

(./Encoding_Ticha_Documents_with_TEI.aux)
\openout1 = `Encoding_Ticha_Documents_with_TEI.aux'.

LaTeX Font Info:    Checking defaults for OML/cmm/m/it on input line 83.
LaTeX Font Info:    ... okay on input line 83.
LaTeX Font Info:    Checking defaults for T1/cmr/m/n on input line 83.
LaTeX Font Info:    ... okay on input line 83.
LaTeX Font Info:    Checking defaults for OT1/cmr/m/n on input line 83.
LaTeX Font Info:    ... okay on input line 83.
LaTeX Font Info:    Checking defaults for OMS/cmsy/m/n on input line 83.
LaTeX Font Info:    ... okay on input line 83.
LaTeX Font Info:    Checking defaults for OMX/cmex/m/n on input line 83.
LaTeX Font Info:    ... okay on input line 83.
LaTeX Font Info:    Checking defaults for U/cmr/m/n on input line 83.
LaTeX Font Info:    ... okay on input line 83.
LaTeX Font Info:    Checking defaults for TS1/cmr/m/n on input line 83.
LaTeX Font Info:    Try loading font information for TS1+cmr on input line 83.

(/usr/share/texlive/texmf-dist/tex/latex/base/ts1cmr.fd
File: ts1cmr.fd 2014/09/29 v2.5h Standard LaTeX font definitions
)
LaTeX Font Info:    ... okay on input line 83.
LaTeX Font Info:    Checking defaults for PD1/pdf/m/n on input line 83.
LaTeX Font Info:    ... okay on input line 83.
LaTeX Font Info:    Checking defaults for PU/pdf/m/n on input line 83.
LaTeX Font Info:    ... okay on input line 83.

*geometry* driver: auto-detecting
*geometry* detected driver: xetex
*geometry* verbose mode - [ preamble ] result:
* driver: xetex
* paper: a4paper
* layout: <same size as paper>
* layoutoffset:(h,v)=(0.0pt,0.0pt)
* modes: 
* h-part:(L,W,R)=(72.26999pt, 452.9679pt, 72.26999pt)
* v-part:(T,H,B)=(72.26999pt, 700.50687pt, 72.26999pt)
* \paperwidth=597.50787pt
* \paperheight=845.04684pt
* \textwidth=452.9679pt
* \textheight=700.50687pt
* \oddsidemargin=0.0pt
* \evensidemargin=0.0pt
* \topmargin=-37.0pt
* \headheight=12.0pt
* \headsep=25.0pt
* \topskip=12.0pt
* \footskip=30.0pt
* \marginparwidth=35.0pt
* \marginparsep=10.0pt
* \columnsep=10.0pt
* \skip\footins=10.8pt plus 4.0pt minus 2.0pt
* \hoffset=0.0pt
* \voffset=0.0pt
* \mag=1000
* \@twocolumnfalse
* \@twosidefalse
* \@mparswitchfalse
* \@reversemarginfalse
* (1in=72.27pt=25.4mm, 1cm=28.453pt)

Package marginnote Info: \pdfoutput not 0 and \pdflastxpos available.
(marginnote)             Extended position detection mode activated.
\c@lstlisting=\count111
\AtBeginShipoutBox=\box29
Package hyperref Info: Link coloring ON on input line 83.
(/usr/share/texlive/texmf-dist/tex/latex/hyperref/nameref.sty
Package: nameref 2012/10/27 v2.43 Cross-referencing by name of section

(/usr/share/texlive/texmf-dist/tex/generic/oberdiek/gettitlestring.sty
Package: gettitlestring 2010/12/03 v1.4 Cleanup title references (HO)
)
\c@section@level=\count112
)
LaTeX Info: Redefining \ref on input line 83.
LaTeX Info: Redefining \pageref on input line 83.
LaTeX Info: Redefining \nameref on input line 83.

(./Encoding_Ticha_Documents_with_TEI.out)
(./Encoding_Ticha_Documents_with_TEI.out)
\@outlinefile=\write3
\openout3 = `Encoding_Ticha_Documents_with_TEI.out'.


(./Encoding_Ticha_Documents_with_TEI.toc
LaTeX Font Info:    External font `cmex10' loaded for size
(Font)              <12> on input line 3.
LaTeX Font Info:    External font `cmex10' loaded for size
(Font)              <8> on input line 3.
LaTeX Font Info:    External font `cmex10' loaded for size
(Font)              <6> on input line 3.

(/usr/share/texlive/texmf-dist/tex/generic/oberdiek/se-ascii-print.def
File: se-ascii-print.def 2011/12/02 v1.10 stringenc: Printable ASCII characters

)
[1

] [2])
\tf@toc=\write4
\openout4 = `Encoding_Ticha_Documents_with_TEI.toc'.

LaTeX Font Info:    Font shape `OT1/cmtt/bx/n' in size <12> not available
(Font)              Font shape `OT1/cmtt/m/n' tried instead on input line 112.


LaTeX Warning: Hyper reference `att-sec:xxx' on page 3 undefined on input line 
115.


Overfull \hbox (20.2359pt too wide) in paragraph at lines 115--117
|  $[]$
 []


LaTeX Warning: Hyper reference `att-sec:xxx' on page 3 undefined on input line 
121.


Overfull \hbox (20.2359pt too wide) in paragraph at lines 121--123
|  $[]$
 []


LaTeX Warning: Hyper reference `att-sec:xxx' on page 3 undefined on input line 
127.


Overfull \hbox (20.2359pt too wide) in paragraph at lines 127--129
|  $[]$
 []


LaTeX Warning: Hyper reference `att-sec:xxx' on page 3 undefined on input line 
133.


Overfull \hbox (20.2359pt too wide) in paragraph at lines 133--135
|  $[]$
 []


LaTeX Warning: Hyper reference `att-sec:xxx' on page 3 undefined on input line 
139.


Overfull \hbox (20.2359pt too wide) in paragraph at lines 139--141
|  $[]$
 []


LaTeX Warning: Hyper reference `att-sec:xxx' on page 3 undefined on input line 
145.


Underfull \hbox (badness 10000) in paragraph at lines 145--145
[][]$\OT1/cmtt/m/n/12 http : / / www . tei-[]c . org / release / doc / tei-[]p5
-[]doc / en / html / ref-[]publicationStmt .
 []


Overfull \hbox (20.2359pt too wide) in paragraph at lines 145--147
|  $[]$
 []


LaTeX Warning: Hyper reference `att-sec:xxx' on page 3 undefined on input line 
151.


Overfull \hbox (20.2359pt too wide) in paragraph at lines 151--153
|  $[]$
 []

[3]

LaTeX Warning: Hyper reference `att-sec:xxx' on page 4 undefined on input line 
157.


Overfull \hbox (20.2359pt too wide) in paragraph at lines 157--159
|  $[]$
 []


LaTeX Warning: Hyper reference `att-sec:xxx' on page 4 undefined on input line 
163.


Overfull \hbox (20.2359pt too wide) in paragraph at lines 163--165
|  $[]$
 []


LaTeX Warning: Hyper reference `att-sec:xxx' on page 4 undefined on input line 
169.


Overfull \hbox (20.2359pt too wide) in paragraph at lines 169--171
|  $[]$
 []


LaTeX Warning: Hyper reference `att-sec:xxx' on page 4 undefined on input line 
175.


Overfull \hbox (20.2359pt too wide) in paragraph at lines 175--177
|  $[]$
 []


LaTeX Warning: Hyper reference `att-sec:xxx' on page 4 undefined on input line 
181.


Overfull \hbox (20.2359pt too wide) in paragraph at lines 181--183
|  $[]$
 []


LaTeX Warning: Hyper reference `att-sec:xxx' on page 4 undefined on input line 
187.


Underfull \hbox (badness 10000) in paragraph at lines 187--187
[][]$\OT1/cmtt/m/n/12 http : / / www . tei-[]c . org / release / doc / tei-[]p5
-[]doc / en / html / ref-[]editorialDecl .
 []


Overfull \hbox (20.2359pt too wide) in paragraph at lines 187--189
|  $[]$
 []


LaTeX Warning: Hyper reference `att-sec:xxx' on page 4 undefined on input line 
193.


Overfull \hbox (20.2359pt too wide) in paragraph at lines 193--195
|  $[]$
 []


LaTeX Warning: Hyper reference `att-sec:xxx' on page 4 undefined on input line 
199.


Underfull \hbox (badness 10000) in paragraph at lines 199--199
[][]$\OT1/cmtt/m/n/12 http : / / www . tei-[]c . org / release / doc / tei-[]p5
-[]doc / en / html / ref-[]normalization .
 []


Overfull \hbox (20.2359pt too wide) in paragraph at lines 199--201
|  $[]$
 []

[4]

LaTeX Warning: Hyper reference `att-sec:xxx' on page 5 undefined on input line 
205.


Overfull \hbox (20.2359pt too wide) in paragraph at lines 205--207
|  $[]$
 []


LaTeX Warning: Hyper reference `att-sec:xxx' on page 5 undefined on input line 
211.


Overfull \hbox (20.2359pt too wide) in paragraph at lines 211--213
|  $[]$
 []


LaTeX Warning: Hyper reference `att-sec:xxx' on page 5 undefined on input line 
217.


Underfull \hbox (badness 10000) in paragraph at lines 217--217
[][]$\OT1/cmtt/m/n/12 http : / / www . tei-[]c . org / release / doc / tei-[]p5
-[]doc / en / html / ref-[]interpretation .
 []


Overfull \hbox (20.2359pt too wide) in paragraph at lines 217--219
|  $[]$
 []


LaTeX Warning: Hyper reference `att-sec:xxx' on page 5 undefined on input line 
223.


Overfull \hbox (20.2359pt too wide) in paragraph at lines 223--225
|  $[]$
 []


LaTeX Warning: Hyper reference `att-sec:xxx' on page 5 undefined on input line 
229.


Overfull \hbox (20.2359pt too wide) in paragraph at lines 229--231
|  $[]$
 []


LaTeX Warning: Hyper reference `att-sec:xxx' on page 5 undefined on input line 
235.


Overfull \hbox (20.2359pt too wide) in paragraph at lines 235--237
|  $[]$
 []


LaTeX Warning: Hyper reference `att-sec:xxx' on page 5 undefined on input line 
241.


Overfull \hbox (20.2359pt too wide) in paragraph at lines 241--243
|  $[]$
 []


LaTeX Warning: Hyper reference `att-sec:xxx' on page 5 undefined on input line 
247.


Overfull \hbox (20.2359pt too wide) in paragraph at lines 247--249
|  $[]$
 []

[5]

LaTeX Warning: Hyper reference `att-sec:xxx' on page 6 undefined on input line 
253.


Overfull \hbox (20.2359pt too wide) in paragraph at lines 253--255
|  $[]$
 []


LaTeX Warning: Hyper reference `att-sec:xxx' on page 6 undefined on input line 
259.


Overfull \hbox (20.2359pt too wide) in paragraph at lines 259--261
|  $[]$
 []


LaTeX Warning: Hyper reference `att-sec:xxx' on page 6 undefined on input line 
265.


Overfull \hbox (20.2359pt too wide) in paragraph at lines 265--267
|  $[]$
 []


LaTeX Warning: Hyper reference `att-sec:xxx' on page 6 undefined on input line 
271.


Overfull \hbox (20.2359pt too wide) in paragraph at lines 271--273
|  $[]$
 []


LaTeX Warning: Hyper reference `att-sec:xxx' on page 6 undefined on input line 
277.


Overfull \hbox (20.2359pt too wide) in paragraph at lines 277--279
|  $[]$
 []


LaTeX Warning: Hyper reference `att-sec:xxx' on page 6 undefined on input line 
283.


Overfull \hbox (20.2359pt too wide) in paragraph at lines 283--285
|  $[]$
 []


LaTeX Warning: Hyper reference `att-sec:xxx' on page 6 undefined on input line 
289.


Overfull \hbox (20.2359pt too wide) in paragraph at lines 289--291
|  $[]$
 []


LaTeX Warning: Hyper reference `att-sec:xxx' on page 6 undefined on input line 
295.


Overfull \hbox (20.2359pt too wide) in paragraph at lines 295--297
|  $[]$
 []

[6]
Overfull \hbox (20.2359pt too wide) in paragraph at lines 302--304
|  $[]$
 []


Overfull \hbox (20.2359pt too wide) in paragraph at lines 331--334
|  $[]$
 []


Overfull \hbox (20.2359pt too wide) in paragraph at lines 346--349
|  $[]$
 []

[7]
Overfull \hbox (20.2359pt too wide) in paragraph at lines 362--364
|  $[]$
 []


Overfull \hbox (20.2359pt too wide) in paragraph at lines 373--376
|  $[]$
 []


Overfull \hbox (20.2359pt too wide) in paragraph at lines 380--383
|  $[]$
 []


Overfull \hbox (20.2359pt too wide) in paragraph at lines 390--393
|  $[]$
 []


Overfull \hbox (20.2359pt too wide) in paragraph at lines 398--401
|  $[]$
 []

[8]
Overfull \hbox (20.2359pt too wide) in paragraph at lines 406--409
|  $[]$
 []


LaTeX Warning: Hyper reference `att-sec:xxx' on page 9 undefined on input line 
415.


Overfull \hbox (20.2359pt too wide) in paragraph at lines 415--417
|  $[]$
 []


Overfull \hbox (20.2359pt too wide) in paragraph at lines 425--427
|  $[]$
 []


Overfull \hbox (20.2359pt too wide) in paragraph at lines 446--448
|  $[]$
 []

[9]
Overfull \hbox (20.2359pt too wide) in paragraph at lines 451--453
|  $[]$
 []

Missing character: There is no • in font cmtt12!

Overfull \hbox (20.2359pt too wide) in paragraph at lines 458--460
|  $[]$
 []


Overfull \hbox (20.2359pt too wide) in paragraph at lines 463--465
|  $[]$
 []

Package marginnote Info: Margin note 10.1 is on absolute page 10
(marginnote)              on input line 471.
Package marginnote Info: right page because not two side mode on input line 471
.
Package marginnote Info: xpos seems to be 507.51031pt,
(marginnote)             \marginnoterightadjust ignored on input line 471.

Overfull \hbox (20.2359pt too wide) in paragraph at lines 469--471
|  $[]$
 []

Package marginnote Info: Margin note 10.2 is on absolute page 10
(marginnote)              on input line 473.
Package marginnote Info: right page because not two side mode on input line 473
.
Package marginnote Info: xpos seems to be 322.33287pt,
(marginnote)             \marginnoterightadjust ignored on input line 473.

Overfull \hbox (20.2359pt too wide) in paragraph at lines 477--478
|  $[]$
 []


Underfull \hbox (badness 10000) in paragraph at lines 477--478

 []

[10]
LaTeX Font Info:    Font shape `OT1/cmtt/bx/n' in size <14.4> not available
(Font)              Font shape `OT1/cmtt/m/n' tried instead on input line 484.
 [11] [12] [13]
File: Levanto1766_TitlePage.png Graphic file (type QTm)
 <use  "Levanto1766_TitlePage.png" >

LaTeX Warning: `h' float specifier changed to `ht'.

[14] [15]
File: Levanto1766_Page9.png Graphic file (type QTm)
 <use  "Levanto1766_Page9.png" >

LaTeX Warning: `h' float specifier changed to `ht'.

LaTeX Font Info:    External font `cmex10' loaded for size
(Font)              <7> on input line 735.
LaTeX Font Info:    External font `cmex10' loaded for size
(Font)              <5> on input line 735.
[16] [17]
Missing character: There is no à in font cmtt10!
Missing character: There is no è in font cmtt10!
 [18]
Missing character: There is no à in font cmtt10!
Missing character: There is no è in font cmtt10!
File: Arte_Page99v.png Graphic file (type QTm)
 <use  "Arte_Page99v.png" >

LaTeX Warning: `h' float specifier changed to `ht'.

[19]
LaTeX Font Info:    Try loading font information for TS1+cmtt on input line 867
.
 (/usr/share/texlive/texmf-dist/tex/latex/base/ts1cmtt.fd
File: ts1cmtt.fd 2014/09/29 v2.5h Standard LaTeX font definitions
)
File: Levanto1766_Page17.png Graphic file (type QTm)

<use  "Levanto1766_Page17.png" >
File: Levanto1766_Page1Full.png Graphic file (type QTm)
 <use  "Levanto1766_Page1Full.png" >

LaTeX Warning: `h' float specifier changed to `ht'.

Package atveryend Info: Empty hook `BeforeClearDocument' on input line 896.
[20] [21]
Package atveryend Info: Empty hook `AfterLastShipout' on input line 896.
 (./Encoding_Ticha_Documents_with_TEI.aux)
Package atveryend Info: Empty hook `AtVeryEndDocument' on input line 896.
Package atveryend Info: Empty hook `AtEndAfterFileList' on input line 896.


LaTeX Warning: There were undefined references.

Package atveryend Info: Empty hook `AtVeryVeryEnd' on input line 896.
 ) 
Here is how much of TeX's memory you used:
 10831 strings out of 495536
 154640 string characters out of 6186182
 392119 words of memory out of 5000000
 14021 multiletter control sequences out of 15000+600000
 10581 words of font info for 38 fonts, out of 8000000 for 9000
 36 hyphenation exceptions out of 8191
 30i,8n,56p,923b,1705s stack positions out of 5000i,500n,10000p,200000b,80000s

Output written on Encoding_Ticha_Documents_with_TEI.pdf (21 pages).
