\BOOKMARK [1][-]{section.1}{About\040this\040Documentation}{}% 1
\BOOKMARK [1][-]{section.2}{Tags}{}% 2
\BOOKMARK [2][-]{subsection.2.1}{TEI\040Prelude}{section.2}% 3
\BOOKMARK [3][-]{subsubsection.2.1.1}{<TEI>}{subsection.2.1}% 4
\BOOKMARK [3][-]{subsubsection.2.1.2}{<teiHeader>}{subsection.2.1}% 5
\BOOKMARK [3][-]{subsubsection.2.1.3}{<fileDesc>}{subsection.2.1}% 6
\BOOKMARK [3][-]{subsubsection.2.1.4}{<titleStmt>}{subsection.2.1}% 7
\BOOKMARK [3][-]{subsubsection.2.1.5}{<title>}{subsection.2.1}% 8
\BOOKMARK [3][-]{subsubsection.2.1.6}{<publicationStmt>}{subsection.2.1}% 9
\BOOKMARK [3][-]{subsubsection.2.1.7}{<profileDesc>}{subsection.2.1}% 10
\BOOKMARK [3][-]{subsubsection.2.1.8}{<encodingDesc>}{subsection.2.1}% 11
\BOOKMARK [3][-]{subsubsection.2.1.9}{<sourceDesc>}{subsection.2.1}% 12
\BOOKMARK [3][-]{subsubsection.2.1.10}{<langUsage>}{subsection.2.1}% 13
\BOOKMARK [3][-]{subsubsection.2.1.11}{<language>}{subsection.2.1}% 14
\BOOKMARK [3][-]{subsubsection.2.1.12}{<projectDesc>}{subsection.2.1}% 15
\BOOKMARK [3][-]{subsubsection.2.1.13}{<editorialDecl>}{subsection.2.1}% 16
\BOOKMARK [3][-]{subsubsection.2.1.14}{<correction>}{subsection.2.1}% 17
\BOOKMARK [3][-]{subsubsection.2.1.15}{<normalization>}{subsection.2.1}% 18
\BOOKMARK [3][-]{subsubsection.2.1.16}{<hyphenation>}{subsection.2.1}% 19
\BOOKMARK [3][-]{subsubsection.2.1.17}{<segmentation>}{subsection.2.1}% 20
\BOOKMARK [3][-]{subsubsection.2.1.18}{<interpretation>}{subsection.2.1}% 21
\BOOKMARK [3][-]{subsubsection.2.1.19}{<refsDecl>}{subsection.2.1}% 22
\BOOKMARK [3][-]{subsubsection.2.1.20}{<cRefPattern>}{subsection.2.1}% 23
\BOOKMARK [3][-]{subsubsection.2.1.21}{<charDecl>}{subsection.2.1}% 24
\BOOKMARK [3][-]{subsubsection.2.1.22}{<glyph>}{subsection.2.1}% 25
\BOOKMARK [3][-]{subsubsection.2.1.23}{<glyphName>}{subsection.2.1}% 26
\BOOKMARK [3][-]{subsubsection.2.1.24}{<figure>}{subsection.2.1}% 27
\BOOKMARK [3][-]{subsubsection.2.1.25}{<graphic>}{subsection.2.1}% 28
\BOOKMARK [3][-]{subsubsection.2.1.26}{<add>}{subsection.2.1}% 29
\BOOKMARK [3][-]{subsubsection.2.1.27}{<c>}{subsection.2.1}% 30
\BOOKMARK [3][-]{subsubsection.2.1.28}{<del>}{subsection.2.1}% 31
\BOOKMARK [3][-]{subsubsection.2.1.29}{<ptr>}{subsection.2.1}% 32
\BOOKMARK [3][-]{subsubsection.2.1.30}{<ref>}{subsection.2.1}% 33
\BOOKMARK [3][-]{subsubsection.2.1.31}{<g>???}{subsection.2.1}% 34
\BOOKMARK [2][-]{subsection.2.2}{Structure\040Tags}{section.2}% 35
\BOOKMARK [3][-]{subsubsection.2.2.1}{<text>,\040<front>,\040<body>,\040and\040<back>}{subsection.2.2}% 36
\BOOKMARK [3][-]{subsubsection.2.2.2}{<div>}{subsection.2.2}% 37
\BOOKMARK [3][-]{subsubsection.2.2.3}{<head>\040}{subsection.2.2}% 38
\BOOKMARK [3][-]{subsubsection.2.2.4}{<p>}{subsection.2.2}% 39
\BOOKMARK [3][-]{subsubsection.2.2.5}{<pb/>}{subsection.2.2}% 40
\BOOKMARK [3][-]{subsubsection.2.2.6}{<lb/>}{subsection.2.2}% 41
\BOOKMARK [3][-]{subsubsection.2.2.7}{<fw>}{subsection.2.2}% 42
\BOOKMARK [3][-]{subsubsection.2.2.8}{<pc>}{subsection.2.2}% 43
\BOOKMARK [3][-]{subsubsection.2.2.9}{<cb>}{subsection.2.2}% 44
\BOOKMARK [2][-]{subsection.2.3}{Formatting\040Tags}{section.2}% 45
\BOOKMARK [3][-]{subsubsection.2.3.1}{<hi>}{subsection.2.3}% 46
\BOOKMARK [2][-]{subsection.2.4}{Content\040Tags}{section.2}% 47
\BOOKMARK [3][-]{subsubsection.2.4.1}{<choice>}{subsection.2.4}% 48
\BOOKMARK [3][-]{subsubsection.2.4.2}{<orig>}{subsection.2.4}% 49
\BOOKMARK [3][-]{subsubsection.2.4.3}{<reg>}{subsection.2.4}% 50
\BOOKMARK [3][-]{subsubsection.2.4.4}{<abbr>}{subsection.2.4}% 51
\BOOKMARK [3][-]{subsubsection.2.4.5}{<expan>}{subsection.2.4}% 52
\BOOKMARK [3][-]{subsubsection.2.4.6}{<foreign>}{subsection.2.4}% 53
\BOOKMARK [3][-]{subsubsection.2.4.7}{<gap>}{subsection.2.4}% 54
\BOOKMARK [1][-]{section.3}{Attributes}{}% 55
\BOOKMARK [2][-]{subsection.3.1}{xml:id}{section.3}% 56
\BOOKMARK [2][-]{subsection.3.2}{xml:lang}{section.3}% 57
\BOOKMARK [2][-]{subsection.3.3}{xml:space}{section.3}% 58
\BOOKMARK [2][-]{subsection.3.4}{part}{section.3}% 59
\BOOKMARK [2][-]{subsection.3.5}{org}{section.3}% 60
\BOOKMARK [2][-]{subsection.3.6}{sample}{section.3}% 61
\BOOKMARK [2][-]{subsection.3.7}{type}{section.3}% 62
\BOOKMARK [2][-]{subsection.3.8}{break}{section.3}% 63
\BOOKMARK [2][-]{subsection.3.9}{n}{section.3}% 64
\BOOKMARK [2][-]{subsection.3.10}{facs}{section.3}% 65
\BOOKMARK [2][-]{subsection.3.11}{ref}{section.3}% 66
\BOOKMARK [2][-]{subsection.3.12}{rend}{section.3}% 67
\BOOKMARK [2][-]{subsection.3.13}{place}{section.3}% 68
\BOOKMARK [2][-]{subsection.3.14}{ana}{section.3}% 69
\BOOKMARK [2][-]{subsection.3.15}{target}{section.3}% 70
\BOOKMARK [2][-]{subsection.3.16}{default}{section.3}% 71
\BOOKMARK [2][-]{subsection.3.17}{ident}{section.3}% 72
\BOOKMARK [2][-]{subsection.3.18}{usage}{section.3}% 73
\BOOKMARK [2][-]{subsection.3.19}{method}{section.3}% 74
\BOOKMARK [2][-]{subsection.3.20}{status}{section.3}% 75
\BOOKMARK [2][-]{subsection.3.21}{eol}{section.3}% 76
\BOOKMARK [2][-]{subsection.3.22}{matchPattern}{section.3}% 77
\BOOKMARK [2][-]{subsection.3.23}{replacementPattern}{section.3}% 78
\BOOKMARK [2][-]{subsection.3.24}{url}{section.3}% 79
\BOOKMARK [2][-]{subsection.3.25}{reason}{section.3}% 80
\BOOKMARK [2][-]{subsection.3.26}{agent}{section.3}% 81
\BOOKMARK [1][-]{section.4}{Examples}{}% 82
\BOOKMARK [2][-]{subsection.4.1}{Front\040Matter\040of\040Levanto's\040Catecismo}{section.4}% 83
\BOOKMARK [2][-]{subsection.4.2}{Body\040Text\040of\040Levanto's\040Catecismo}{section.4}% 84
\BOOKMARK [2][-]{subsection.4.3}{Ellipsis\040in\040Cordova's\040Arte}{section.4}% 85
\BOOKMARK [2][-]{subsection.4.4}{Parallel\040Text\040in\040Levanto's\040Catecismo}{section.4}% 86
